<?xml version="1.0" encoding="UTF-8"?>
<!-- Generated by org.testng.reporters.JUnitXMLReporter -->
<testsuite hostname="Narens-MBP" name="Test" tests="5" failures="0" timestamp="24 May 2018 16:56:27 GMT" time="60.712" errors="0">
  <testcase name="launchApplication" time="13.836" classname="com.MavenProject.OnlineShopping.OpenBowser"/>
  <testcase name="application" time="5.666" classname="com.MavenProject.OnlineShopping.OpenBowser"/>
  <testcase name="appl" time="3.543" classname="com.MavenProject.OnlineShopping.vani"/>
  <testcase name="launchApplication" time="13.682" classname="com.MavenProject.OnlineShopping.vani"/>
  <testcase name="application" time="3.421" classname="com.MavenProject.OnlineShopping.vani"/>
</testsuite> <!-- Test -->
