<?xml version="1.0" encoding="UTF-8"?>
<testng-results skipped="0" failed="0" total="5" passed="5">
  <reporter-output>
  </reporter-output>
  <suite name="Suite" duration-ms="60712" started-at="2018-05-24T16:55:26Z" finished-at="2018-05-24T16:56:27Z">
    <groups>
    </groups>
    <test name="Test" duration-ms="60712" started-at="2018-05-24T16:55:26Z" finished-at="2018-05-24T16:56:27Z">
      <class name="com.MavenProject.OnlineShopping.vani">
        <test-method status="PASS" signature="Testing()[pri:0, instance:com.MavenProject.OnlineShopping.vani@7cd62f43]" name="Testing" is-config="true" duration-ms="0" started-at="2018-05-24T17:55:54Z" finished-at="2018-05-24T17:55:54Z">
          <reporter-output>
          </reporter-output>
        </test-method> <!-- Testing -->
        <test-method status="PASS" signature="launchBrowser(java.lang.String)[pri:0, instance:com.MavenProject.OnlineShopping.vani@7cd62f43]" name="launchBrowser" is-config="true" duration-ms="2194" started-at="2018-05-24T17:55:54Z" finished-at="2018-05-24T17:55:56Z">
          <params>
            <param index="0">
              <value>
                <![CDATA[firefox]]>
              </value>
            </param>
          </params>
          <reporter-output>
          </reporter-output>
        </test-method> <!-- launchBrowser -->
        <test-method status="PASS" signature="appl()[pri:0, instance:com.MavenProject.OnlineShopping.vani@7cd62f43]" name="appl" duration-ms="3543" started-at="2018-05-24T17:55:56Z" finished-at="2018-05-24T17:56:00Z">
          <reporter-output>
          </reporter-output>
        </test-method> <!-- appl -->
        <test-method status="PASS" signature="closeWindow()[pri:0, instance:com.MavenProject.OnlineShopping.vani@7cd62f43]" name="closeWindow" is-config="true" duration-ms="763" started-at="2018-05-24T17:56:00Z" finished-at="2018-05-24T17:56:01Z">
          <reporter-output>
          </reporter-output>
        </test-method> <!-- closeWindow -->
        <test-method status="PASS" signature="launchBrowser(java.lang.String)[pri:0, instance:com.MavenProject.OnlineShopping.vani@7cd62f43]" name="launchBrowser" is-config="true" duration-ms="2170" started-at="2018-05-24T17:56:01Z" finished-at="2018-05-24T17:56:03Z">
          <params>
            <param index="0">
              <value>
                <![CDATA[firefox]]>
              </value>
            </param>
          </params>
          <reporter-output>
          </reporter-output>
        </test-method> <!-- launchBrowser -->
        <test-method status="PASS" signature="launchApplication()[pri:1, instance:com.MavenProject.OnlineShopping.vani@7cd62f43]" name="launchApplication" duration-ms="13682" started-at="2018-05-24T17:56:03Z" finished-at="2018-05-24T17:56:16Z">
          <reporter-output>
          </reporter-output>
        </test-method> <!-- launchApplication -->
        <test-method status="PASS" signature="closeWindow()[pri:0, instance:com.MavenProject.OnlineShopping.vani@7cd62f43]" name="closeWindow" is-config="true" duration-ms="3699" started-at="2018-05-24T17:56:16Z" finished-at="2018-05-24T17:56:20Z">
          <reporter-output>
          </reporter-output>
        </test-method> <!-- closeWindow -->
        <test-method status="PASS" signature="launchBrowser(java.lang.String)[pri:0, instance:com.MavenProject.OnlineShopping.vani@7cd62f43]" name="launchBrowser" is-config="true" duration-ms="2303" started-at="2018-05-24T17:56:20Z" finished-at="2018-05-24T17:56:22Z">
          <params>
            <param index="0">
              <value>
                <![CDATA[firefox]]>
              </value>
            </param>
          </params>
          <reporter-output>
          </reporter-output>
        </test-method> <!-- launchBrowser -->
        <test-method status="PASS" signature="application()[pri:2, instance:com.MavenProject.OnlineShopping.vani@7cd62f43]" name="application" duration-ms="3421" started-at="2018-05-24T17:56:22Z" finished-at="2018-05-24T17:56:26Z">
          <reporter-output>
          </reporter-output>
        </test-method> <!-- application -->
        <test-method status="PASS" signature="closeWindow()[pri:0, instance:com.MavenProject.OnlineShopping.vani@7cd62f43]" name="closeWindow" is-config="true" duration-ms="818" started-at="2018-05-24T17:56:26Z" finished-at="2018-05-24T17:56:27Z">
          <reporter-output>
          </reporter-output>
        </test-method> <!-- closeWindow -->
      </class> <!-- com.MavenProject.OnlineShopping.vani -->
      <class name="com.MavenProject.OnlineShopping.OpenBowser">
        <test-method status="PASS" signature="Testing()[pri:0, instance:com.MavenProject.OnlineShopping.OpenBowser@6a41eaa2]" name="Testing" is-config="true" duration-ms="10" started-at="2018-05-24T17:55:26Z" finished-at="2018-05-24T17:55:26Z">
          <reporter-output>
          </reporter-output>
        </test-method> <!-- Testing -->
        <test-method status="PASS" signature="launchBrowser(java.lang.String)[pri:0, instance:com.MavenProject.OnlineShopping.OpenBowser@6a41eaa2]" name="launchBrowser" is-config="true" duration-ms="4750" started-at="2018-05-24T17:55:26Z" finished-at="2018-05-24T17:55:31Z">
          <params>
            <param index="0">
              <value>
                <![CDATA[firefox]]>
              </value>
            </param>
          </params>
          <reporter-output>
          </reporter-output>
        </test-method> <!-- launchBrowser -->
        <test-method status="PASS" signature="launchApplication()[pri:1, instance:com.MavenProject.OnlineShopping.OpenBowser@6a41eaa2]" name="launchApplication" duration-ms="13836" started-at="2018-05-24T17:55:31Z" finished-at="2018-05-24T17:55:45Z">
          <reporter-output>
          </reporter-output>
        </test-method> <!-- launchApplication -->
        <test-method status="PASS" signature="closeWindow()[pri:0, instance:com.MavenProject.OnlineShopping.OpenBowser@6a41eaa2]" name="closeWindow" is-config="true" duration-ms="804" started-at="2018-05-24T17:55:45Z" finished-at="2018-05-24T17:55:45Z">
          <reporter-output>
          </reporter-output>
        </test-method> <!-- closeWindow -->
        <test-method status="PASS" signature="launchBrowser(java.lang.String)[pri:0, instance:com.MavenProject.OnlineShopping.OpenBowser@6a41eaa2]" name="launchBrowser" is-config="true" duration-ms="2276" started-at="2018-05-24T17:55:45Z" finished-at="2018-05-24T17:55:48Z">
          <params>
            <param index="0">
              <value>
                <![CDATA[firefox]]>
              </value>
            </param>
          </params>
          <reporter-output>
          </reporter-output>
        </test-method> <!-- launchBrowser -->
        <test-method status="PASS" signature="application()[pri:2, instance:com.MavenProject.OnlineShopping.OpenBowser@6a41eaa2]" name="application" duration-ms="5666" started-at="2018-05-24T17:55:48Z" finished-at="2018-05-24T17:55:53Z">
          <reporter-output>
          </reporter-output>
        </test-method> <!-- application -->
        <test-method status="PASS" signature="closeWindow()[pri:0, instance:com.MavenProject.OnlineShopping.OpenBowser@6a41eaa2]" name="closeWindow" is-config="true" duration-ms="745" started-at="2018-05-24T17:55:53Z" finished-at="2018-05-24T17:55:54Z">
          <reporter-output>
          </reporter-output>
        </test-method> <!-- closeWindow -->
      </class> <!-- com.MavenProject.OnlineShopping.OpenBowser -->
    </test> <!-- Test -->
  </suite> <!-- Suite -->
</testng-results>
